
*------------------------------------*
*                                    *
*   SYSTEMA V4 APPLICATION LOG FILE  *
*                                    *
*------------------------------------*



              **********

      Nodal Description


Execution started on Thu Dec 02 18:39:13 2021



State  1 : Model Initialisation                                                Time :  Thu Dec 02 18:39:13 2021

State  2 : Thermal Data Loading                                                Time :  Thu Dec 02 18:39:13 2021

State  3 : Contact Management                                                  Time :  Thu Dec 02 18:39:13 2021


State  4 : Mission Data Loading                                                Time :  Thu Dec 02 18:39:13 2021

Nb eclipse event: 1
Nb penumbra event: 1
Nb arc event: 1
Nb sequence event: 0


NODE PARAMETERS
---------------

 - output             : SOL
 - output nwk         : cold_case.nod.nwk

MODEL INFO
----------

 - nb models       : 1
 - nb surfaces     : 21
 - nb mesh         : 165
 - nb volumes      : 0
 - nb vmesh        : 0
 Model names :
   - 


State  5 : Network Output generation                                           Time :  Thu Dec 02 18:39:13 2021

State  6 : Adding specific items                                               Time :  Thu Dec 02 18:39:13 2021




Execution completed on Thu Dec 02 18:39:13 2021




