
*------------------------------------*
*                                    *
*   SYSTEMA V4 APPLICATION LOG FILE  *
*                                    *
*------------------------------------*



              **********

      Radiation Computation


Execution started on Thu Dec 02 18:39:19 2021



  - Number of active threads : 8 ( / 8 available)

State  1 : Model Initialisation                                                Time :  Thu Dec 02 18:39:19 2021

State  2 : Thermal Data Loading                                                Time :  Thu Dec 02 18:39:19 2021

State  3 : Mission Data Loading                                                Time :  Thu Dec 02 18:39:19 2021

Nb eclipse event: 1
Nb penumbra event: 1
Nb arc event: 1
Nb sequence event: 0

State  4 : Ray-Tracing Initialisation                                          Time :  Thu Dec 02 18:39:19 2021




DUMP RADIATION PARAMS
---------------------

 - model name         : cold_case.sysset

 - IR computation : 1
 - UV computation : 1
 - Space couplings : Yes
 - Reciprocal REF filter : 0.0001
 - REF minimum variation : 0.05
 - Ray emission (high criticity) :
    - Number of rays per node : 50000
 - Ray emission (normal criticity) :
    - Number of rays per node : 10000
 - Ray emission (low criticity) :
    - Number of rays per node : 1000
 - Ray threshold : 0.01
 - Number of space divisions : 20

 - output             : SOL
 - output gv          : 
 - output gr          : cold_case.gr.nwk

MODEL INFO
----------

 - nb models       : 1
 - nb surfaces     : 21
 - nb mesh         : 165
 - nb volumes      : 0
 - nb vmesh        : 0
 Model names :
   - 


 MISSION INFO
 ------------

 - number of times                : 29
     -    1 -> 26267.0000000 GAMMA50   -> simulation time        0.00 seconds
     -    2 -> 26267.0027487 GAMMA50   -> simulation time      237.49 seconds
     -    3 -> 26267.0054987 GAMMA50   -> simulation time      475.09 seconds
     -    4 -> 26267.0058724 GAMMA50   -> simulation time      507.38 seconds
     -    5 -> 26267.0061788 GAMMA50   -> simulation time      533.85 seconds
     -    6 -> 26267.0082491 GAMMA50   -> simulation time      712.72 seconds
     -    7 -> 26267.0109992 GAMMA50   -> simulation time      950.33 seconds
     -    8 -> 26267.0137484 GAMMA50   -> simulation time     1187.86 seconds
     -    9 -> 26267.0164958 GAMMA50   -> simulation time     1425.24 seconds
     -   10 -> 26267.0192411 GAMMA50   -> simulation time     1662.43 seconds
     -   11 -> 26267.0202282 GAMMA50   -> simulation time     1747.71 seconds
     -   12 -> 26267.0205323 GAMMA50   -> simulation time     1773.99 seconds
     -   13 -> 26267.0219838 GAMMA50   -> simulation time     1899.40 seconds
     -   14 -> 26267.0247236 GAMMA50   -> simulation time     2136.12 seconds
     -   15 -> 26267.0274606 GAMMA50   -> simulation time     2372.60 seconds
     -   16 -> 26267.0301950 GAMMA50   -> simulation time     2608.85 seconds
     -   17 -> 26267.0329270 GAMMA50   -> simulation time     2844.89 seconds
     -   18 -> 26267.0356572 GAMMA50   -> simulation time     3080.78 seconds
     -   19 -> 26267.0383863 GAMMA50   -> simulation time     3316.57 seconds
     -   20 -> 26267.0411081 GAMMA50   -> simulation time     3551.74 seconds
     -   21 -> 26267.0438370 GAMMA50   -> simulation time     3787.52 seconds
     -   22 -> 26267.0465668 GAMMA50   -> simulation time     4023.37 seconds
     -   23 -> 26267.0492983 GAMMA50   -> simulation time     4259.37 seconds
     -   24 -> 26267.0520320 GAMMA50   -> simulation time     4495.56 seconds
     -   25 -> 26267.0547682 GAMMA50   -> simulation time     4731.98 seconds
     -   26 -> 26267.0575073 GAMMA50   -> simulation time     4968.63 seconds
     -   27 -> 26267.0602492 GAMMA50   -> simulation time     5205.53 seconds
     -   28 -> 26267.0629938 GAMMA50   -> simulation time     5442.67 seconds
     -   29 -> 26267.0657407 GAMMA50   -> simulation time     5680.00 seconds
 - number of kinematics bodies    : 0
 - mission kind                   :  Static


DUMP BOX
--------

    Box Min / Max Points :
        - -0.303802  -0.303802  -0.00380299
        - 0.403802  0.403802  0.304782
    Corrected Box size :
        - 0.0336954  0.0336954  0.0342872
    Number of divisions :
        - nb_surf  :  21
        => div_x   :  21
        => div_y   :  21
        => div_z   :  9
    Divisions min / max dimensions :
        - 0.0336954  0.0342872

State  5 : REF ray-tracing                                                     Time :  Thu Dec 02 18:39:19 2021

State  6 : Symmetrization of Matrix                                            Time :  Thu Dec 02 18:39:20 2021



View Factor Absolute Symmetrisation Error :
-------------------------------------------

    |------------------------------------------------------|
    | VF symmetrisation error above       10 % :           |
    |------------------------------------------------------|
    |         Emission Node    | Rays  Emitted |   Error   |
    |--------------------------|---------------|-----------|
    |------------------------------------------------------|
    | VF sym error between        5 % and       10 %:      |
    |------------------------------------------------------|
    |         Emission Node    | Rays  Emitted |   Error   |
    |--------------------------|---------------|-----------|
    |------------------------------------------------------|
    | VF sym error between        1 % and        5 %:      |
    |------------------------------------------------------|
    |         Emission Node    | Rays  Emitted |   Error   |
    |--------------------------|---------------|-----------|
    |                     1900 |      10000    |    3.34 % |
    |                     2000 |      10000    |    1.71 % |
    |                     1500 |      10000    |    1.55 % |
    |                      509 |      10000    |    1.49 % |
    |                      404 |      10000    |    1.44 % |
    |                      405 |      10000    |    1.39 % |
    |                      104 |      10000    |    1.38 % |
    |                     2100 |      10000    |    1.38 % |
    |                     1800 |      10000    |    1.37 % |
    |                      506 |      10000    |    1.37 % |
    |                      101 |      10000    |    1.36 % |
    |                     1600 |      10000    |    1.36 % |
    |                      403 |      10000    |    1.35 % |
    |                      409 |      10000    |    1.31 % |
    |                      103 |      10000    |     1.3 % |
    |                      411 |      10000    |    1.29 % |
    |                      100 |      10000    |    1.29 % |
    |                      102 |      10000    |    1.29 % |
    |                      406 |      10000    |    1.28 % |
    |                      204 |      10000    |    1.26 % |
    |                      305 |      10000    |    1.24 % |
    |                      408 |      10000    |    1.24 % |
    |                      511 |      10000    |    1.24 % |
    |                      205 |      10000    |    1.22 % |
    |                      303 |      10000    |    1.21 % |
    |                      510 |      10000    |     1.2 % |
    |                      201 |      10000    |    1.19 % |
    |                      311 |      10000    |    1.19 % |
    |                      107 |      10000    |    1.19 % |
    |                      200 |      10000    |    1.18 % |
    |                      105 |      10000    |    1.18 % |
    |                      507 |      10000    |    1.17 % |
    |                      203 |      10000    |    1.17 % |
    |                      300 |      10000    |    1.16 % |
    |                      208 |      10000    |    1.16 % |
    |                      308 |      10000    |    1.16 % |
    |                      504 |      10000    |    1.15 % |
    |                      508 |      10000    |    1.14 % |
    |                      210 |      10000    |    1.14 % |
    |                      503 |      10000    |    1.14 % |
    |                      202 |      10000    |    1.13 % |
    |                      207 |      10000    |    1.12 % |
    |                      407 |      10000    |    1.12 % |
    |                      306 |      10000    |    1.11 % |
    |                      401 |      10000    |     1.1 % |
    |                      304 |      10000    |     1.1 % |
    |                      206 |      10000    |     1.1 % |
    |                      410 |      10000    |    1.09 % |
    |                      309 |      10000    |    1.08 % |
    |                     1700 |      10000    |    1.07 % |
    |                      314 |      10000    |    1.07 % |
    |                      903 |      10000    |    1.07 % |
    |                     1003 |      10000    |    1.07 % |
    |                      302 |      10000    |    1.07 % |
    |                      512 |      10000    |    1.07 % |
    |                      211 |      10000    |    1.07 % |
    |                      212 |      10000    |    1.05 % |
    |                      501 |      10000    |    1.05 % |
    |                      301 |      10000    |    1.04 % |
    |                      106 |      10000    |    1.04 % |
    |                      307 |      10000    |    1.03 % |
    |                     1002 |      10000    |    1.02 % |
    |                      902 |      10000    |    1.02 % |
    |                      214 |      10000    |       1 % |
    |                      514 |      10000    |       1 % |
    |------------------------------------------------------|
    | Number of error below     1 %    100 (    60.6 %)    |
    |------------------------------------------------------|




Radiative Exchange Factor Absolute Symmetrisation Error :
---------------------------------------------------------

    |------------------------------------------------------|
    | REF symmetrisation error above       10 % :          |
    |------------------------------------------------------|
    |         Emission Node    | Rays  Emitted |   Error   |
    |--------------------------|---------------|-----------|
    |------------------------------------------------------|
    | REF sym error between        5 % and       10 %:     |
    |------------------------------------------------------|
    |         Emission Node    | Rays  Emitted |   Error   |
    |--------------------------|---------------|-----------|
    |------------------------------------------------------|
    | REF sym error between        1 % and        5 %:     |
    |------------------------------------------------------|
    |         Emission Node    | Rays  Emitted |   Error   |
    |--------------------------|---------------|-----------|
    |                     1900 |      10000    |    2.13 % |
    |                     2000 |      10000    |    1.17 % |
    |                      404 |      10000    |    1.11 % |
    |                     1500 |      10000    |    1.07 % |
    |                      509 |      10000    |    1.07 % |
    |                      104 |      10000    |    1.03 % |
    |------------------------------------------------------|
    | Number of error below     1 %    159 (    96.4 %)    |
    |------------------------------------------------------|


State  7 : Radiation Check-list generation                                     Time :  Thu Dec 02 18:39:20 2021



View Factor Budget :   (maximum error = 0.330802 %)
--------------------

    |-------------------------------------------------------------------|
    |       VF sum : error above       10 % :                           |
    |-------------------------------------------------------------------|
    |         Emission Node    | Rays  Emitted |   VF sum   |   Error   |
    |--------------------------|---------------|------------|-----------|
    |-------------------------------------------------------------------|
    |       VF sum : error between        5 % and       10 %:           |
    |-------------------------------------------------------------------|
    |         Emission Node    | Rays  Emitted |   VF sum   |   Error   |
    |--------------------------|---------------|------------|-----------|
    |-------------------------------------------------------------------|
    |       VF sum : error between        1 % and        5 %:           |
    |-------------------------------------------------------------------|
    |         Emission Node    | Rays  Emitted |   VF sum   |   Error   |
    |--------------------------|---------------|------------|-----------|
    |-------------------------------------------------------------------|
    | Number of View Factor below     1 % of error:    165 (     100 %) |
    |-------------------------------------------------------------------|



IR Gebhart Factor Budget :   (maximum error = 0.262317 %)
--------------------------

    |-------------------------------------------------------------------|
    |       REF  sum : error above       10 % :                         |
    |-------------------------------------------------------------------|
    |         Emission Node    | Rays  Emitted |  REF sum   |   Error   |
    |--------------------------|---------------|------------|-----------|
    |-------------------------------------------------------------------|
    |       REF  sum : error between        5 % and       10 %:         |
    |-------------------------------------------------------------------|
    |         Emission Node    | Rays  Emitted |  REF sum   |   Error   |
    |--------------------------|---------------|------------|-----------|
    |-------------------------------------------------------------------|
    |       REF  sum : error between        1 % and        5 %:         |
    |-------------------------------------------------------------------|
    |         Emission Node    | Rays  Emitted |  REF sum   |   Error   |
    |--------------------------|---------------|------------|-----------|
    |-------------------------------------------------------------------|
    | Number of REF (IR) below      1 % of error:    165 (     100 %)   |
    |-------------------------------------------------------------------|



Inactive Impingements Budget:  (GV)
-----------------------------------

    |--------------------------------------------------------------------------------|
    |       GV Inactive Impingements level above         50 % :                      |
    |--------------------------------------------------------------------------------|
    |         Emission Node    | Rays  Emitted | Rays Impinged | Impingement percent |
    |--------------------------|---------------|---------------|---------------------|
    |--------------------------------------------------------------------------------|
    |       GV Inactive Impingements level between       25 % and       50 % :       |
    |--------------------------------------------------------------------------------|
    |         Emission Node    | Rays  Emitted | Rays Impinged | Impingement percent |
    |--------------------------|---------------|---------------|---------------------|
    |--------------------------------------------------------------------------------|
    |       GV Inactive Impingements level below         25 % :       0   (     0 %) |
    |--------------------------------------------------------------------------------|
    |       Number of nodes with zero inactive impingement (GV):     165   (   100 %)|
    |--------------------------------------------------------------------------------|




Low Space Couplings :
---------------------

    |------------------------------------------------------------------|
    |  Number of nodes without space couplings:      7  (    4.24 %)   |
    |------------------------------------------------------------------|
    |         Emission Node    | Rays  Emitted | Direct VF |   IR REF  |
    |--------------------------|---------------|-----------|-----------|
    |------------------------------------------------------------------|
    | Number of nodes above     5 % IR Space REF:    158 (    95.8 %)  |
    |------------------------------------------------------------------|


State  8 : Network Output Generation                                           Time :  Thu Dec 02 18:39:20 2021




Execution completed on Thu Dec 02 18:39:20 2021




