
*------------------------------------*
*                                    *
*   SYSTEMA V4 APPLICATION LOG FILE  *
*                                    *
*------------------------------------*



              **********

   Planet Fluxes Computation


Execution started on Thu Dec 02 18:39:26 2021



State  1 : Model Initialisation                                                Time :  Thu Dec 02 18:39:26 2021

State  2 : Thermal Data Loading                                                Time :  Thu Dec 02 18:39:26 2021

State  3 : Mission Data Loading                                                Time :  Thu Dec 02 18:39:26 2021

Nb eclipse event: 1
Nb penumbra event: 1
Nb arc event: 1
Nb sequence event: 0

DUMP PLANET FLUXES PARAMS
-------------------------

  - model name         : cold_case.sysset
  - enclosure          : -1
  - Albedo computation : 1
  - IR computation : 1
  - Flux filter : 0.1
  - Earth temperature : 248.15 248.15
  - Earth albedo coefficient : 0.35
  - Sun constant       : Automatic


PROPERTY MAPS
-------------


     Planet   (Albedo   IR)
  EARTH        -1     -1

  => Number of maps : 0



MODEL INFO
----------

 - nb models       : 1
 - nb surfaces     : 21
 - nb mesh         : 165
 - nb volumes      : 0
 - nb vmesh        : 0
 Model names :
   - 


 MISSION INFO
 ------------

 - number of times                : 29
     -    1 -> 26267.0000000 GAMMA50   -> simulation time        0.00 seconds
     -    2 -> 26267.0027487 GAMMA50   -> simulation time      237.49 seconds
     -    3 -> 26267.0054987 GAMMA50   -> simulation time      475.09 seconds
     -    4 -> 26267.0058724 GAMMA50   -> simulation time      507.38 seconds
     -    5 -> 26267.0061788 GAMMA50   -> simulation time      533.85 seconds
     -    6 -> 26267.0082491 GAMMA50   -> simulation time      712.72 seconds
     -    7 -> 26267.0109992 GAMMA50   -> simulation time      950.33 seconds
     -    8 -> 26267.0137484 GAMMA50   -> simulation time     1187.86 seconds
     -    9 -> 26267.0164958 GAMMA50   -> simulation time     1425.24 seconds
     -   10 -> 26267.0192411 GAMMA50   -> simulation time     1662.43 seconds
     -   11 -> 26267.0202282 GAMMA50   -> simulation time     1747.71 seconds
     -   12 -> 26267.0205323 GAMMA50   -> simulation time     1773.99 seconds
     -   13 -> 26267.0219838 GAMMA50   -> simulation time     1899.40 seconds
     -   14 -> 26267.0247236 GAMMA50   -> simulation time     2136.12 seconds
     -   15 -> 26267.0274606 GAMMA50   -> simulation time     2372.60 seconds
     -   16 -> 26267.0301950 GAMMA50   -> simulation time     2608.85 seconds
     -   17 -> 26267.0329270 GAMMA50   -> simulation time     2844.89 seconds
     -   18 -> 26267.0356572 GAMMA50   -> simulation time     3080.78 seconds
     -   19 -> 26267.0383863 GAMMA50   -> simulation time     3316.57 seconds
     -   20 -> 26267.0411081 GAMMA50   -> simulation time     3551.74 seconds
     -   21 -> 26267.0438370 GAMMA50   -> simulation time     3787.52 seconds
     -   22 -> 26267.0465668 GAMMA50   -> simulation time     4023.37 seconds
     -   23 -> 26267.0492983 GAMMA50   -> simulation time     4259.37 seconds
     -   24 -> 26267.0520320 GAMMA50   -> simulation time     4495.56 seconds
     -   25 -> 26267.0547682 GAMMA50   -> simulation time     4731.98 seconds
     -   26 -> 26267.0575073 GAMMA50   -> simulation time     4968.63 seconds
     -   27 -> 26267.0602492 GAMMA50   -> simulation time     5205.53 seconds
     -   28 -> 26267.0629938 GAMMA50   -> simulation time     5442.67 seconds
     -   29 -> 26267.0657407 GAMMA50   -> simulation time     5680.00 seconds
 - number of kinematics bodies    : 0
 - mission kind                   :  Static

 SUN :
 -----
      time 0  	-   distance : 1.47528e+08  	- direction : 2.19788e-16 3.07057e-17 1
      time 237.492  	-   distance : 1.47529e+08  	- direction : 7.27236e-17 2.00394e-16 1
      time 475.086  	-   distance : 1.4753e+08  	- direction : -1.93929e-17 9.69644e-17 1
      time 507.377  	-   distance : 1.4753e+08  	- direction : 5.81786e-17 1.14741e-16 1
      time 533.849  	-   distance : 1.4753e+08  	- direction : 1.51911e-16 -1.38982e-16 1
      time 712.722  	-   distance : 1.4753e+08  	- direction : -6.46427e-18 9.69641e-18 1
      time 950.334  	-   distance : 1.4753e+08  	- direction : 7.27229e-17 -7.11069e-17 1
      time 1187.86  	-   distance : 1.4753e+08  	- direction : -1.61607e-18 -3.23213e-18 1
      time 1425.24  	-   distance : 1.4753e+08  	- direction : -1.29285e-17 1.45446e-17 1
      time 1662.43  	-   distance : 1.4753e+08  	- direction : -1.50295e-16 -3.39375e-17 1
      time 1747.71  	-   distance : 1.47529e+08  	- direction : 7.43395e-17 2.06858e-16 1
      time 1773.99  	-   distance : 1.47529e+08  	- direction : -9.69646e-18 -7.27234e-17 1
      time 1899.4  	-   distance : 1.47529e+08  	- direction : 4.84824e-18 6.94914e-17 1
      time 2136.12  	-   distance : 1.47528e+08  	- direction : -1.37368e-16 1.16358e-16 1
      time 2372.6  	-   distance : 1.47527e+08  	- direction : 2.58576e-17 -1.45449e-17 1
      time 2608.85  	-   distance : 1.47526e+08  	- direction : 1.93933e-17 2.10094e-17 1
      time 2844.89  	-   distance : 1.47525e+08  	- direction : -1.2929e-16 3.23224e-18 1
      time 3080.78  	-   distance : 1.47525e+08  	- direction : 2.42419e-17 -2.58581e-17 1
      time 3316.57  	-   distance : 1.47524e+08  	- direction : 4.84841e-17 1.29291e-16 1
      time 3551.74  	-   distance : 1.47523e+08  	- direction : -1.93937e-17 -1.35756e-16 1
      time 3787.52  	-   distance : 1.47523e+08  	- direction : 1.93938e-17 -8.40396e-17 1
      time 4023.37  	-   distance : 1.47523e+08  	- direction : 5.01006e-17 8.08074e-18 1
      time 4259.37  	-   distance : 1.47523e+08  	- direction : 8.56558e-17 4.68683e-17 1
      time 4495.56  	-   distance : 1.47523e+08  	- direction : 6.30296e-17 1.09898e-16 1
      time 4731.98  	-   distance : 1.47524e+08  	- direction : -5.33325e-17 -6.62616e-17 1
      time 4968.63  	-   distance : 1.47524e+08  	- direction : -3.55549e-17 1.7939e-16 1
      time 5205.53  	-   distance : 1.47525e+08  	- direction : -6.6261e-17 -3.07063e-17 1
      time 5442.67  	-   distance : 1.47526e+08  	- direction : 9.69668e-17 1.93934e-16 1
      time 5680  	-   distance : 1.47527e+08  	- direction : -6.46442e-17 -5.97959e-17 1

 PLANETS :
 ---------
  Planet 0 - 4 : Earth      time 0  	-   distance : 6889.26  	- direction : 0.676407 -0.719934 0.155464
      time 237.492  	-   distance : 6890.92  	- direction : 0.474223 -0.837796 0.270574
      time 475.086  	-   distance : 6891.7  	- direction : 0.239761 -0.898676 0.367283
      time 507.377  	-   distance : 6891.74  	- direction : 0.206267 -0.902273 0.378624
      time 533.849  	-   distance : 6891.75  	- direction : 0.178612 -0.904373 0.387566
      time 712.722  	-   distance : 6891.55  	- direction : -0.0110355 -0.898416 0.439007
      time 950.334  	-   distance : 6890.47  	- direction : -0.261103 -0.83702 0.480856
      time 1187.86  	-   distance : 6888.53  	- direction : -0.49342 -0.718654 0.489973
      time 1425.24  	-   distance : 6885.88  	- direction : -0.692166 -0.551364 0.46573
      time 1662.43  	-   distance : 6882.69  	- direction : -0.843801 -0.346535 0.409771
      time 1747.71  	-   distance : 6881.45  	- direction : -0.88473 -0.266283 0.382551
      time 1773.99  	-   distance : 6881.06  	- direction : -0.895781 -0.241039 0.373466
      time 1899.4  	-   distance : 6879.18  	- direction : -0.937996 -0.118113 0.325904
      time 2136.12  	-   distance : 6875.59  	- direction : -0.968331 0.118347 0.21984
      time 2372.6  	-   distance : 6872.17  	- direction : -0.932742 0.346743 0.0988027
      time 2608.85  	-   distance : 6869.14  	- direction : -0.833658 0.551521 -0.028961
      time 2844.89  	-   distance : 6866.72  	- direction : -0.677834 0.718745 -0.154748
      time 3080.78  	-   distance : 6865.07  	- direction : -0.475887 0.837041 -0.269991
      time 3316.57  	-   distance : 6864.3  	- direction : -0.24157 0.89837 -0.366844
      time 3551.74  	-   distance : 6864.45  	- direction : 0.0085456 0.898653 -0.438577
      time 3787.52  	-   distance : 6865.52  	- direction : 0.258665 0.837888 -0.480662
      time 4023.37  	-   distance : 6867.45  	- direction : 0.491178 0.720148 -0.490032
      time 4259.37  	-   distance : 6870.08  	- direction : 0.690279 0.553449 -0.466056
      time 4495.56  	-   distance : 6873.26  	- direction : 0.842438 0.349134 -0.410371
      time 4731.98  	-   distance : 6876.76  	- direction : 0.937316 0.121091 -0.326765
      time 4968.63  	-   distance : 6880.35  	- direction : 0.968466 -0.115177 -0.220927
      time 5205.53  	-   distance : 6883.78  	- direction : 0.933766 -0.343613 -0.100055
      time 5442.67  	-   distance : 6886.81  	- direction : 0.83557 -0.548688 0.0276325
      time 5680  	-   distance : 6889.25  	- direction : 0.680543 -0.716459 0.153451

 EVENTS :
 --------
  Event 0
     type   : 3
     planet : None
     tin    : 2.626700E+04
     tout   : 2.626707E+04
  Event 1
     type   : 1
     planet : Earth
     tin    : 2.626701E+04
     tout   : 2.626702E+04
  Event 2
     type   : 2
     planet : Earth
     tin    : 2.626701E+04
     tout   : 2.626702E+04

  Eclipse flag
   - planet 1 Earth
   time        0.00  	--->  flag  : 0
   time      237.49  	--->  flag  : 0
   time      475.09  	--->  flag  : 0
   time      507.38  	--->  flag  : 0
   time      533.85  	--->  flag  : 2
   time      712.72  	--->  flag  : 2
   time      950.33  	--->  flag  : 2
   time     1187.86  	--->  flag  : 2
   time     1425.24  	--->  flag  : 2
   time     1662.43  	--->  flag  : 2
   time     1747.71  	--->  flag  : 2
   time     1773.99  	--->  flag  : 0
   time     1899.40  	--->  flag  : 0
   time     2136.12  	--->  flag  : 0
   time     2372.60  	--->  flag  : 0
   time     2608.85  	--->  flag  : 0
   time     2844.89  	--->  flag  : 0
   time     3080.78  	--->  flag  : 0
   time     3316.57  	--->  flag  : 0
   time     3551.74  	--->  flag  : 0
   time     3787.52  	--->  flag  : 0
   time     4023.37  	--->  flag  : 0
   time     4259.37  	--->  flag  : 0
   time     4495.56  	--->  flag  : 0
   time     4731.98  	--->  flag  : 0
   time     4968.63  	--->  flag  : 0
   time     5205.53  	--->  flag  : 0
   time     5442.67  	--->  flag  : 0
   time     5680.00  	--->  flag  : 0

  Penombra ratio
   time        0.00  	--->  ratio  : 0.000000E+00
   time      237.49  	--->  ratio  : 0.000000E+00
   time      475.09  	--->  ratio  : 0.000000E+00
   time      507.38  	--->  ratio  : 0.000000E+00
   time      533.85  	--->  ratio  : 0.000000E+00
   time      712.72  	--->  ratio  : 0.000000E+00
   time      950.33  	--->  ratio  : 0.000000E+00
   time     1187.86  	--->  ratio  : 0.000000E+00
   time     1425.24  	--->  ratio  : 0.000000E+00
   time     1662.43  	--->  ratio  : 0.000000E+00
   time     1747.71  	--->  ratio  : 0.000000E+00
   time     1773.99  	--->  ratio  : 0.000000E+00
   time     1899.40  	--->  ratio  : 0.000000E+00
   time     2136.12  	--->  ratio  : 0.000000E+00
   time     2372.60  	--->  ratio  : 0.000000E+00
   time     2608.85  	--->  ratio  : 0.000000E+00
   time     2844.89  	--->  ratio  : 0.000000E+00
   time     3080.78  	--->  ratio  : 0.000000E+00
   time     3316.57  	--->  ratio  : 0.000000E+00
   time     3551.74  	--->  ratio  : 0.000000E+00
   time     3787.52  	--->  ratio  : 0.000000E+00
   time     4023.37  	--->  ratio  : 0.000000E+00
   time     4259.37  	--->  ratio  : 0.000000E+00
   time     4495.56  	--->  ratio  : 0.000000E+00
   time     4731.98  	--->  ratio  : 0.000000E+00
   time     4968.63  	--->  ratio  : 0.000000E+00
   time     5205.53  	--->  ratio  : 0.000000E+00
   time     5442.67  	--->  ratio  : 0.000000E+00
   time     5680.00  	--->  ratio  : 0.000000E+00

State  4 : Planetes Fluxes Computation                                         Time :  Thu Dec 02 18:39:26 2021

Time position 0  -  Sun constant on planet Earth : 1410.06 W/m2
Time position 1  -  Sun constant on planet Earth : 1410.07 W/m2
Time position 2  -  Sun constant on planet Earth : 1410.07 W/m2
Time position 3  -  Sun constant on planet Earth : 1410.07 W/m2
Time position 4  -  Sun constant on planet Earth : 1410.07 W/m2
Time position 5  -  Sun constant on planet Earth : 1410.07 W/m2
Time position 6  -  Sun constant on planet Earth : 1410.07 W/m2
Time position 7  -  Sun constant on planet Earth : 1410.07 W/m2
Time position 8  -  Sun constant on planet Earth : 1410.07 W/m2
Time position 9  -  Sun constant on planet Earth : 1410.07 W/m2
Time position 10  -  Sun constant on planet Earth : 1410.07 W/m2
Time position 11  -  Sun constant on planet Earth : 1410.07 W/m2
Time position 12  -  Sun constant on planet Earth : 1410.07 W/m2
Time position 13  -  Sun constant on planet Earth : 1410.08 W/m2
Time position 14  -  Sun constant on planet Earth : 1410.08 W/m2
Time position 15  -  Sun constant on planet Earth : 1410.08 W/m2
Time position 16  -  Sun constant on planet Earth : 1410.08 W/m2
Time position 17  -  Sun constant on planet Earth : 1410.08 W/m2
Time position 18  -  Sun constant on planet Earth : 1410.08 W/m2
Time position 19  -  Sun constant on planet Earth : 1410.08 W/m2
Time position 20  -  Sun constant on planet Earth : 1410.08 W/m2
Time position 21  -  Sun constant on planet Earth : 1410.09 W/m2
Time position 22  -  Sun constant on planet Earth : 1410.09 W/m2
Time position 23  -  Sun constant on planet Earth : 1410.09 W/m2
Time position 24  -  Sun constant on planet Earth : 1410.09 W/m2
Time position 25  -  Sun constant on planet Earth : 1410.09 W/m2
Time position 26  -  Sun constant on planet Earth : 1410.09 W/m2
Time position 27  -  Sun constant on planet Earth : 1410.09 W/m2
Time position 28  -  Sun constant on planet Earth : 1410.09 W/m2
State  5 : Network Outputs Generation                                          Time :  Thu Dec 02 18:39:29 2021




Execution completed on Thu Dec 02 18:39:29 2021




