
*------------------------------------*
*                                    *
*   SYSTEMA V4 APPLICATION LOG FILE  *
*                                    *
*------------------------------------*



              **********

      Radiation Computation


Execution started on Thu Mar 11 18:37:43 2021



  - Number of active threads : 4 ( / 4 available)

State  1 : Model Initialisation                                                Time :  Thu Mar 11 18:37:43 2021

State  2 : Thermal Data Loading                                                Time :  Thu Mar 11 18:37:43 2021

State  3 : Mission Data Loading                                                Time :  Thu Mar 11 18:37:43 2021

Nb eclipse event: 3
Nb penumbra event: 3
Nb arc event: 1
Nb sequence event: 0

State  4 : Ray-Tracing Initialisation                                          Time :  Thu Mar 11 18:37:44 2021




DUMP RADIATION PARAMS
---------------------

 - model name         : cas_chaud.sysset

 - IR computation : 1
 - UV computation : 1
 - Space couplings : Yes
 - Reciprocal REF filter : 0.0001
 - REF minimum variation : 0.05
 - Ray emission (high criticity) :
    - Number of rays per node : 50000
 - Ray emission (normal criticity) :
    - Number of rays per node : 10000
 - Ray emission (low criticity) :
    - Number of rays per node : 1000
 - Ray threshold : 0.01
 - Number of space divisions : 20

 - output             : SOL
 - output gv          : 
 - output gr          : cas_chaud.gr.nwk

MODEL INFO
----------

 - nb models       : 1
 - nb surfaces     : 60
 - nb mesh         : 60
 - nb volumes      : 0
 - nb vmesh        : 0
 Model names :
   - 


 MISSION INFO
 ------------

 - number of times                : 82
     -    1 -> 26104.0000000 GAMMA50   -> simulation time        0.00 seconds
     -    2 -> 26104.0027493 GAMMA50   -> simulation time      237.54 seconds
     -    3 -> 26104.0054995 GAMMA50   -> simulation time      475.16 seconds
     -    4 -> 26104.0082498 GAMMA50   -> simulation time      712.78 seconds
     -    5 -> 26104.0109995 GAMMA50   -> simulation time      950.36 seconds
     -    6 -> 26104.0137479 GAMMA50   -> simulation time     1187.82 seconds
     -    7 -> 26104.0164944 GAMMA50   -> simulation time     1425.12 seconds
     -    8 -> 26104.0184608 GAMMA50   -> simulation time     1595.02 seconds
     -    9 -> 26104.0185837 GAMMA50   -> simulation time     1605.63 seconds
     -   10 -> 26104.0192385 GAMMA50   -> simulation time     1662.21 seconds
     -   11 -> 26104.0219799 GAMMA50   -> simulation time     1899.06 seconds
     -   12 -> 26104.0247184 GAMMA50   -> simulation time     2135.67 seconds
     -   13 -> 26104.0274542 GAMMA50   -> simulation time     2372.04 seconds
     -   14 -> 26104.0301874 GAMMA50   -> simulation time     2608.19 seconds
     -   15 -> 26104.0329185 GAMMA50   -> simulation time     2844.16 seconds
     -   16 -> 26104.0356480 GAMMA50   -> simulation time     3079.99 seconds
     -   17 -> 26104.0383767 GAMMA50   -> simulation time     3315.75 seconds
     -   18 -> 26104.0411895 GAMMA50   -> simulation time     3558.78 seconds
     -   19 -> 26104.0413105 GAMMA50   -> simulation time     3569.23 seconds
     -   20 -> 26104.0438291 GAMMA50   -> simulation time     3786.83 seconds
     -   21 -> 26104.0465595 GAMMA50   -> simulation time     4022.74 seconds
     -   22 -> 26104.0492919 GAMMA50   -> simulation time     4258.82 seconds
     -   23 -> 26104.0520266 GAMMA50   -> simulation time     4495.10 seconds
     -   24 -> 26104.0547640 GAMMA50   -> simulation time     4731.61 seconds
     -   25 -> 26104.0575043 GAMMA50   -> simulation time     4968.37 seconds
     -   26 -> 26104.0602474 GAMMA50   -> simulation time     5205.37 seconds
     -   27 -> 26104.0629930 GAMMA50   -> simulation time     5442.59 seconds
     -   28 -> 26104.0657407 GAMMA50   -> simulation time     5680.00 seconds
     -   29 -> 26104.0684900 GAMMA50   -> simulation time     5917.54 seconds
     -   30 -> 26104.0712402 GAMMA50   -> simulation time     6155.16 seconds
     -   31 -> 26104.0739905 GAMMA50   -> simulation time     6392.78 seconds
     -   32 -> 26104.0767403 GAMMA50   -> simulation time     6630.36 seconds
     -   33 -> 26104.0794887 GAMMA50   -> simulation time     6867.82 seconds
     -   34 -> 26104.0822352 GAMMA50   -> simulation time     7105.12 seconds
     -   35 -> 26104.0842471 GAMMA50   -> simulation time     7278.95 seconds
     -   36 -> 26104.0843700 GAMMA50   -> simulation time     7289.57 seconds
     -   37 -> 26104.0849793 GAMMA50   -> simulation time     7342.21 seconds
     -   38 -> 26104.0877206 GAMMA50   -> simulation time     7579.06 seconds
     -   39 -> 26104.0904592 GAMMA50   -> simulation time     7815.67 seconds
     -   40 -> 26104.0931949 GAMMA50   -> simulation time     8052.04 seconds
     -   41 -> 26104.0959281 GAMMA50   -> simulation time     8288.19 seconds
     -   42 -> 26104.0986592 GAMMA50   -> simulation time     8524.16 seconds
     -   43 -> 26104.1013888 GAMMA50   -> simulation time     8759.99 seconds
     -   44 -> 26104.1041175 GAMMA50   -> simulation time     8995.75 seconds
     -   45 -> 26104.1069741 GAMMA50   -> simulation time     9242.56 seconds
     -   46 -> 26104.1070951 GAMMA50   -> simulation time     9253.01 seconds
     -   47 -> 26104.1095698 GAMMA50   -> simulation time     9466.83 seconds
     -   48 -> 26104.1123003 GAMMA50   -> simulation time     9702.74 seconds
     -   49 -> 26104.1150326 GAMMA50   -> simulation time     9938.82 seconds
     -   50 -> 26104.1177673 GAMMA50   -> simulation time    10175.10 seconds
     -   51 -> 26104.1205048 GAMMA50   -> simulation time    10411.61 seconds
     -   52 -> 26104.1232450 GAMMA50   -> simulation time    10648.37 seconds
     -   53 -> 26104.1259881 GAMMA50   -> simulation time    10885.37 seconds
     -   54 -> 26104.1287337 GAMMA50   -> simulation time    11122.59 seconds
     -   55 -> 26104.1314815 GAMMA50   -> simulation time    11360.00 seconds
     -   56 -> 26104.1342308 GAMMA50   -> simulation time    11597.54 seconds
     -   57 -> 26104.1369810 GAMMA50   -> simulation time    11835.16 seconds
     -   58 -> 26104.1397313 GAMMA50   -> simulation time    12072.78 seconds
     -   59 -> 26104.1424810 GAMMA50   -> simulation time    12310.36 seconds
     -   60 -> 26104.1452294 GAMMA50   -> simulation time    12547.82 seconds
     -   61 -> 26104.1479759 GAMMA50   -> simulation time    12785.12 seconds
     -   62 -> 26104.1500334 GAMMA50   -> simulation time    12962.89 seconds
     -   63 -> 26104.1501564 GAMMA50   -> simulation time    12973.51 seconds
     -   64 -> 26104.1507200 GAMMA50   -> simulation time    13022.21 seconds
     -   65 -> 26104.1534614 GAMMA50   -> simulation time    13259.06 seconds
     -   66 -> 26104.1561999 GAMMA50   -> simulation time    13495.67 seconds
     -   67 -> 26104.1589356 GAMMA50   -> simulation time    13732.04 seconds
     -   68 -> 26104.1616689 GAMMA50   -> simulation time    13968.19 seconds
     -   69 -> 26104.1644000 GAMMA50   -> simulation time    14204.16 seconds
     -   70 -> 26104.1671295 GAMMA50   -> simulation time    14439.99 seconds
     -   71 -> 26104.1698582 GAMMA50   -> simulation time    14675.75 seconds
     -   72 -> 26104.1727587 GAMMA50   -> simulation time    14926.35 seconds
     -   73 -> 26104.1728796 GAMMA50   -> simulation time    14936.80 seconds
     -   74 -> 26104.1753106 GAMMA50   -> simulation time    15146.83 seconds
     -   75 -> 26104.1780410 GAMMA50   -> simulation time    15382.74 seconds
     -   76 -> 26104.1807733 GAMMA50   -> simulation time    15618.82 seconds
     -   77 -> 26104.1835081 GAMMA50   -> simulation time    15855.10 seconds
     -   78 -> 26104.1862455 GAMMA50   -> simulation time    16091.61 seconds
     -   79 -> 26104.1889858 GAMMA50   -> simulation time    16328.37 seconds
     -   80 -> 26104.1917289 GAMMA50   -> simulation time    16565.37 seconds
     -   81 -> 26104.1944745 GAMMA50   -> simulation time    16802.59 seconds
     -   82 -> 26104.1972222 GAMMA50   -> simulation time    17040.00 seconds
 - number of kinematics bodies    : 0
 - mission kind                   :  Static


DUMP BOX
--------

    Box Min / Max Points :
        - -0.303802  -0.303802  -0.00380299
        - 0.403802  0.403802  0.306582
    Corrected Box size :
        - 0.0336954  0.0336954  0.0344872
    Number of divisions :
        - nb_surf  :  60
        => div_x   :  21
        => div_y   :  21
        => div_z   :  9
    Divisions min / max dimensions :
        - 0.0336954  0.0344872

State  5 : REF ray-tracing                                                     Time :  Thu Mar 11 18:37:44 2021



* WARNING *
SUPERPOSITION TO BE SOLVED (orbital position 1):   Node  4300 and Shape [4600]  (100.000000 %)!!!!



* WARNING *
SUPERPOSITION TO BE SOLVED (orbital position 1):   Node  4600 and Shape [4300]  (100.000000 %)!!!!

State  6 : Symmetrization of Matrix                                            Time :  Thu Mar 11 18:37:46 2021



View Factor Absolute Symmetrisation Error :
-------------------------------------------

    |------------------------------------------------------|
    | VF symmetrisation error above       10 % :           |
    |------------------------------------------------------|
    |         Emission Node    | Rays  Emitted |   Error   |
    |--------------------------|---------------|-----------|
    |------------------------------------------------------|
    | VF sym error between        5 % and       10 %:      |
    |------------------------------------------------------|
    |         Emission Node    | Rays  Emitted |   Error   |
    |--------------------------|---------------|-----------|
    |------------------------------------------------------|
    | VF sym error between        1 % and        5 %:      |
    |------------------------------------------------------|
    |         Emission Node    | Rays  Emitted |   Error   |
    |--------------------------|---------------|-----------|
    |------------------------------------------------------|
    | Number of error below     1 %     60 (     100 %)    |
    |------------------------------------------------------|




Radiative Exchange Factor Absolute Symmetrisation Error :
---------------------------------------------------------

    |------------------------------------------------------|
    | REF symmetrisation error above       10 % :          |
    |------------------------------------------------------|
    |         Emission Node    | Rays  Emitted |   Error   |
    |--------------------------|---------------|-----------|
    |------------------------------------------------------|
    | REF sym error between        5 % and       10 %:     |
    |------------------------------------------------------|
    |         Emission Node    | Rays  Emitted |   Error   |
    |--------------------------|---------------|-----------|
    |------------------------------------------------------|
    | REF sym error between        1 % and        5 %:     |
    |------------------------------------------------------|
    |         Emission Node    | Rays  Emitted |   Error   |
    |--------------------------|---------------|-----------|
    |                     4300 |      10000    |    1.34 % |
    |------------------------------------------------------|
    | Number of error below     1 %     59 (    98.3 %)    |
    |------------------------------------------------------|


State  7 : Radiation Check-list generation                                     Time :  Thu Mar 11 18:37:46 2021



View Factor Budget :   (maximum error = 0.630444 %)
--------------------

    |-------------------------------------------------------------------|
    |       VF sum : error above       10 % :                           |
    |-------------------------------------------------------------------|
    |         Emission Node    | Rays  Emitted |   VF sum   |   Error   |
    |--------------------------|---------------|------------|-----------|
    |-------------------------------------------------------------------|
    |       VF sum : error between        5 % and       10 %:           |
    |-------------------------------------------------------------------|
    |         Emission Node    | Rays  Emitted |   VF sum   |   Error   |
    |--------------------------|---------------|------------|-----------|
    |-------------------------------------------------------------------|
    |       VF sum : error between        1 % and        5 %:           |
    |-------------------------------------------------------------------|
    |         Emission Node    | Rays  Emitted |   VF sum   |   Error   |
    |--------------------------|---------------|------------|-----------|
    |-------------------------------------------------------------------|
    | Number of View Factor below     1 % of error:     60 (     100 %) |
    |-------------------------------------------------------------------|



IR Gebhart Factor Budget :   (maximum error = 1.6296 %)
--------------------------

    |-------------------------------------------------------------------|
    |       REF  sum : error above       10 % :                         |
    |-------------------------------------------------------------------|
    |         Emission Node    | Rays  Emitted |  REF sum   |   Error   |
    |--------------------------|---------------|------------|-----------|
    |-------------------------------------------------------------------|
    |       REF  sum : error between        5 % and       10 %:         |
    |-------------------------------------------------------------------|
    |         Emission Node    | Rays  Emitted |  REF sum   |   Error   |
    |--------------------------|---------------|------------|-----------|
    |-------------------------------------------------------------------|
    |       REF  sum : error between        1 % and        5 %:         |
    |-------------------------------------------------------------------|
    |         Emission Node    | Rays  Emitted |  REF sum   |   Error   |
    |--------------------------|---------------|------------|-----------|
    |                     4300 |      10000    |     0.9837 |    1.63 % |
    |                     4600 |      10000    |      1.011 |    1.06 % |
    |-------------------------------------------------------------------|
    | Number of REF (IR) below      1 % of error:     58 (    96.7 %)   |
    |-------------------------------------------------------------------|



Inactive Impingements Budget:  (GV)
-----------------------------------

    |--------------------------------------------------------------------------------|
    |       GV Inactive Impingements level above         50 % :                      |
    |--------------------------------------------------------------------------------|
    |         Emission Node    | Rays  Emitted | Rays Impinged | Impingement percent |
    |--------------------------|---------------|---------------|---------------------|
    |--------------------------------------------------------------------------------|
    |       GV Inactive Impingements level between       25 % and       50 % :       |
    |--------------------------------------------------------------------------------|
    |         Emission Node    | Rays  Emitted | Rays Impinged | Impingement percent |
    |--------------------------|---------------|---------------|---------------------|
    |--------------------------------------------------------------------------------|
    |       GV Inactive Impingements level below         25 % :       0   (     0 %) |
    |--------------------------------------------------------------------------------|
    |       Number of nodes with zero inactive impingement (GV):      60   (   100 %)|
    |--------------------------------------------------------------------------------|




Low Space Couplings :
---------------------

    |------------------------------------------------------------------|
    |  Number of nodes without space couplings:      6  (      10 %)   |
    |------------------------------------------------------------------|
    |         Emission Node    | Rays  Emitted | Direct VF |   IR REF  |
    |--------------------------|---------------|-----------|-----------|
    |                     3700 |      10000    |    0.0002 |  0.002222 |
    |                     3500 |      10000    |    0.0004 |  0.002805 |
    |                     4900 |      10000    |    0.0004 |  0.002816 |
    |                     4700 |      10000    |    0.0017 |  0.003847 |
    |------------------------------------------------------------------|
    | Number of nodes above     5 % IR Space REF:     50 (    83.3 %)  |
    |------------------------------------------------------------------|


State  8 : Network Output Generation                                           Time :  Thu Mar 11 18:37:46 2021




Execution completed on Thu Mar 11 18:37:46 2021




